\BOOKMARK [1][-]{section.1}{ \040 }{}% 1
\BOOKMARK [2][-]{subsection.1.1}{ }{section.1}% 2
\BOOKMARK [2][-]{subsection.1.2}{ \040}{section.1}% 3
\BOOKMARK [2][-]{subsection.1.3}{ \040 \040}{section.1}% 4
\BOOKMARK [2][-]{subsection.1.4}{ \040}{section.1}% 5
\BOOKMARK [2][-]{subsection.1.5}{ \040 \0402 \0403}{section.1}% 6
\BOOKMARK [2][-]{subsection.1.6}{ }{section.1}% 7
\BOOKMARK [1][-]{section.2}{ \040 }{}% 8
\BOOKMARK [2][-]{subsection.2.1}{ }{section.2}% 9
\BOOKMARK [2][-]{subsection.2.2}{ \040}{section.2}% 10
\BOOKMARK [2][-]{subsection.2.3}{ \040 \040}{section.2}% 11
\BOOKMARK [2][-]{subsection.2.4}{ -}{section.2}% 12
\BOOKMARK [1][-]{section.3}{ \040}{}% 13
\BOOKMARK [2][-]{subsection.3.1}{ }{section.3}% 14
\BOOKMARK [2][-]{subsection.3.2}{ \040}{section.3}% 15
\BOOKMARK [2][-]{subsection.3.3}{ \040 }{section.3}% 16
\BOOKMARK [2][-]{subsection.3.4}{ \040}{section.3}% 17
\BOOKMARK [2][-]{subsection.3.5}{ \040 \040}{section.3}% 18
\BOOKMARK [2][-]{subsection.3.6}{ \205}{section.3}% 19
\BOOKMARK [2][-]{subsection.3.7}{ }{section.3}% 20
